[    0.000000] Initializing cgroup subsys cpuset
[    0.000000] Initializing cgroup subsys cpu
[    0.000000] Initializing cgroup subsys cpuacct
[    0.000000] Linux version 4.4.0-93-generic (buildd@lgw01-03) (gcc version 5.4.0 20160609 (Ubuntu 5.4.0-6ubuntu1~16.04.4) ) #116-Ubuntu SMP Fri Aug 11 21:17:51 UTC 2017 (Ubuntu 4.4.0-93.116-generic 4.4.79)
[    0.000000] Command line: BOOT_IMAGE=/boot/vmlinuz-4.4.0-93-generic root=LABEL=cloudimg-rootfs ro console=tty1 console=ttyS0
[    0.000000] KERNEL supported cpus:
[    0.000000]   Intel GenuineIntel
[    0.000000]   AMD AuthenticAMD
[    0.000000]   Centaur CentaurHauls
[    0.000000] x86/fpu: xstate_offset[2]:  576, xstate_sizes[2]:  256
[    0.000000] x86/fpu: Supporting XSAVE feature 0x01: 'x87 floating point registers'
[    0.000000] x86/fpu: Supporting XSAVE feature 0x02: 'SSE registers'
[    0.000000] x86/fpu: Supporting XSAVE feature 0x04: 'AVX registers'
[    0.000000] x86/fpu: Enabled xstate features 0x7, context size is 832 bytes, using 'standard' format.
[    0.000000] x86/fpu: Using 'lazy' FPU context switches.
[    0.000000] e820: BIOS-provided physical RAM map:
[    0.000000] BIOS-e820: [mem 0x0000000000000000-0x000000000009fbff] usable
[    0.000000] BIOS-e820: [mem 0x000000000009fc00-0x000000000009ffff] reserved
[    0.000000] BIOS-e820: [mem 0x00000000000f0000-0x00000000000fffff] reserved
[    0.000000] BIOS-e820: [mem 0x0000000000100000-0x000000003ffeffff] usable
[    0.000000] BIOS-e820: [mem 0x000000003fff0000-0x000000003fffffff] ACPI data
[    0.000000] BIOS-e820: [mem 0x00000000fec00000-0x00000000fec00fff] reserved
[    0.000000] BIOS-e820: [mem 0x00000000fee00000-0x00000000fee00fff] reserved
[    0.000000] BIOS-e820: [mem 0x00000000fffc0000-0x00000000ffffffff] reserved
[    0.000000] NX (Execute Disable) protection: active
[    0.000000] SMBIOS 2.5 present.
[    0.000000] Hypervisor detected: KVM
[    0.000000] e820: last_pfn = 0x3fff0 max_arch_pfn = 0x400000000
[    0.000000] MTRR: Disabled
[    0.000000] x86/PAT: MTRRs disabled, skipping PAT initialization too.
[    0.000000] CPU MTRRs all blank - virtualized system.
[    0.000000] x86/PAT: Configuration [0-7]: WB  WT  UC- UC  WB  WT  UC- UC  
[    0.000000] found SMP MP-table at [mem 0x0009fff0-0x0009ffff] mapped at [ffff88000009fff0]
[    0.000000] Scanning 1 areas for low memory corruption
[    0.000000] RAMDISK: [mem 0x36ac4000-0x37559fff]
[    0.000000] ACPI: Early table checksum verification disabled
[    0.000000] ACPI: RSDP 0x00000000000E0000 000024 (v02 VBOX  )
[    0.000000] ACPI: XSDT 0x000000003FFF0030 00003C (v01 VBOX   VBOXXSDT 00000001 ASL  00000061)
[    0.000000] ACPI: FACP 0x000000003FFF00F0 0000F4 (v04 VBOX   VBOXFACP 00000001 ASL  00000061)
[    0.000000] ACPI: DSDT 0x000000003FFF0470 0021C8 (v02 VBOX   VBOXBIOS 00000002 INTL 20100528)
[    0.000000] ACPI: FACS 0x000000003FFF0200 000040
[    0.000000] ACPI: FACS 0x000000003FFF0200 000040
[    0.000000] ACPI: APIC 0x000000003FFF0240 00005C (v02 VBOX   VBOXAPIC 00000001 ASL  00000061)
[    0.000000] ACPI: SSDT 0x000000003FFF02A0 0001CC (v01 VBOX   VBOXCPUT 00000002 INTL 20100528)
[    0.000000] No NUMA configuration found
[    0.000000] Faking a node at [mem 0x0000000000000000-0x000000003ffeffff]
[    0.000000] NODE_DATA(0) allocated [mem 0x3ffeb000-0x3ffeffff]
[    0.000000] kvm-clock: Using msrs 4b564d01 and 4b564d00
[    0.000000] kvm-clock: cpu 0, msr 0:3ffe3001, primary cpu clock
[    0.000000] kvm-clock: using sched offset of 3546554093 cycles
[    0.000000] clocksource: kvm-clock: mask: 0xffffffffffffffff max_cycles: 0x1cd42e4dffb, max_idle_ns: 881590591483 ns
[    0.000000] Zone ranges:
[    0.000000]   DMA      [mem 0x0000000000001000-0x0000000000ffffff]
[    0.000000]   DMA32    [mem 0x0000000001000000-0x000000003ffeffff]
[    0.000000]   Normal   empty
[    0.000000]   Device   empty
[    0.000000] Movable zone start for each node
[    0.000000] Early memory node ranges
[    0.000000]   node   0: [mem 0x0000000000001000-0x000000000009efff]
[    0.000000]   node   0: [mem 0x0000000000100000-0x000000003ffeffff]
[    0.000000] Initmem setup node 0 [mem 0x0000000000001000-0x000000003ffeffff]
[    0.000000] ACPI: PM-Timer IO Port: 0x4008
[    0.000000] IOAPIC[0]: apic_id 2, version 32, address 0xfec00000, GSI 0-23
[    0.000000] ACPI: INT_SRC_OVR (bus 0 bus_irq 0 global_irq 2 dfl dfl)
[    0.000000] ACPI: INT_SRC_OVR (bus 0 bus_irq 9 global_irq 9 high level)
[    0.000000] Using ACPI (MADT) for SMP configuration information
[    0.000000] smpboot: Allowing 2 CPUs, 0 hotplug CPUs
[    0.000000] PM: Registered nosave memory: [mem 0x00000000-0x00000fff]
[    0.000000] PM: Registered nosave memory: [mem 0x0009f000-0x0009ffff]
[    0.000000] PM: Registered nosave memory: [mem 0x000a0000-0x000effff]
[    0.000000] PM: Registered nosave memory: [mem 0x000f0000-0x000fffff]
[    0.000000] e820: [mem 0x40000000-0xfebfffff] available for PCI devices
[    0.000000] Booting paravirtualized kernel on KVM
[    0.000000] clocksource: refined-jiffies: mask: 0xffffffff max_cycles: 0xffffffff, max_idle_ns: 7645519600211568 ns
[    0.000000] setup_percpu: NR_CPUS:512 nr_cpumask_bits:512 nr_cpu_ids:2 nr_node_ids:1
[    0.000000] PERCPU: Embedded 34 pages/cpu @ffff88003fc00000 s98328 r8192 d32744 u1048576
[    0.000000] PV qspinlock hash table entries: 256 (order: 0, 4096 bytes)
[    0.000000] Built 1 zonelists in Node order, mobility grouping on.  Total pages: 257913
[    0.000000] Policy zone: DMA32
[    0.000000] Kernel command line: BOOT_IMAGE=/boot/vmlinuz-4.4.0-93-generic root=LABEL=cloudimg-rootfs ro console=tty1 console=ttyS0
[    0.000000] PID hash table entries: 4096 (order: 3, 32768 bytes)
[    0.000000] Memory: 1001724K/1048120K available (8479K kernel code, 1294K rwdata, 3984K rodata, 1492K init, 1316K bss, 46396K reserved, 0K cma-reserved)
[    0.000000] SLUB: HWalign=64, Order=0-3, MinObjects=0, CPUs=2, Nodes=1
[    0.000000] Hierarchical RCU implementation.
[    0.000000] 	Build-time adjustment of leaf fanout to 64.
[    0.000000] 	RCU restricting CPUs from NR_CPUS=512 to nr_cpu_ids=2.
[    0.000000] RCU: Adjusting geometry for rcu_fanout_leaf=64, nr_cpu_ids=2
[    0.000000] NR_IRQS:33024 nr_irqs:440 16
[    0.000000] Console: colour VGA+ 80x25
[    0.000000] console [tty1] enabled
[    0.000000] console [ttyS0] enabled
[    0.000000] tsc: Detected 1600.000 MHz processor
[    3.522448] Calibrating delay loop (skipped) preset value.. 3200.00 BogoMIPS (lpj=6400000)
[    3.532210] pid_max: default: 32768 minimum: 301
[    3.541388] ACPI: Core revision 20150930
[    3.552031] ACPI: 2 ACPI AML tables successfully acquired and loaded
[    3.564771] Security Framework initialized
[    3.581633] Yama: becoming mindful.
[    3.587598] AppArmor: AppArmor initialized
[    3.591504] Dentry cache hash table entries: 131072 (order: 8, 1048576 bytes)
[    3.598835] Inode-cache hash table entries: 65536 (order: 7, 524288 bytes)
[    3.608023] Mount-cache hash table entries: 2048 (order: 2, 16384 bytes)
[    3.613473] Mountpoint-cache hash table entries: 2048 (order: 2, 16384 bytes)
[    3.618061] Initializing cgroup subsys io
[    3.619263] Initializing cgroup subsys memory
[    3.622425] Initializing cgroup subsys devices
[    3.624075] Initializing cgroup subsys freezer
[    3.628000] Initializing cgroup subsys net_cls
[    3.635347] Initializing cgroup subsys perf_event
[    3.639538] Initializing cgroup subsys net_prio
[    3.641039] Initializing cgroup subsys hugetlb
[    3.649825] Initializing cgroup subsys pids
[    3.651995] CPU: Physical Processor ID: 0
[    3.659831] CPU: Processor Core ID: 0
[    3.662247] mce: CPU supports 0 MCE banks
[    3.669323] Last level iTLB entries: 4KB 64, 2MB 8, 4MB 8
[    3.681471] Last level dTLB entries: 4KB 64, 2MB 0, 4MB 0, 1GB 4
[    3.690918] Freeing SMP alternatives memory: 32K (ffffffff820ba000 - ffffffff820c2000)
[    3.748715] ftrace: allocating 32136 entries in 126 pages
[    3.845224] smpboot: APIC(0) Converting physical 0 to logical package 0
[    3.862601] smpboot: Max logical packages: 1
[    3.865577] x2apic enabled
[    3.873032] Switched APIC routing to physical x2apic.
[    3.905365] ..TIMER: vector=0x30 apic1=0 pin1=2 apic2=-1 pin2=-1
[    4.013347] smpboot: CPU0: Intel(R) Core(TM) i5-5250U CPU @ 1.60GHz (family: 0x6, model: 0x3d, stepping: 0x4)
[    4.018422] Performance Events: unsupported p6 CPU model 61 no PMU driver, software events only.
[    4.030271] KVM setup paravirtual spinlock
[    4.033699] x86: Booting SMP configuration:
[    4.035709] .... node  #0, CPUs:      #1
[    4.038932] kvm-clock: cpu 1, msr 0:3ffe3041, secondary cpu clock
[    4.058944] mce: CPU supports 0 MCE banks
[    4.071963] x86: Booted up 1 node, 2 CPUs
[    4.074628] smpboot: Total of 2 processors activated (6400.00 BogoMIPS)
[    4.079557] devtmpfs: initialized
[    4.085790] evm: security.selinux
[    4.088433] evm: security.SMACK64
[    4.091983] evm: security.SMACK64EXEC
[    4.093491] evm: security.SMACK64TRANSMUTE
[    4.095552] evm: security.SMACK64MMAP
[    4.098662] evm: security.ima
[    4.101596] evm: security.capability
[    4.105248] clocksource: jiffies: mask: 0xffffffff max_cycles: 0xffffffff, max_idle_ns: 7645041785100000 ns
[    4.109179] futex hash table entries: 512 (order: 3, 32768 bytes)
[    4.112673] pinctrl core: initialized pinctrl subsystem
[    4.115370] RTC time: 14:19:59, date: 09/27/17
[    4.121759] NET: Registered protocol family 16
[    4.134819] cpuidle: using governor ladder
[    4.150127] cpuidle: using governor menu
[    4.152367] PCCT header not found.
[    4.154558] ACPI: bus type PCI registered
[    4.156289] acpiphp: ACPI Hot Plug PCI Controller Driver version: 0.5
[    4.159640] PCI: Using configuration type 1 for base access
[    4.178975] ACPI: Added _OSI(Module Device)
[    4.182169] ACPI: Added _OSI(Processor Device)
[    4.184080] ACPI: Added _OSI(3.0 _SCP Extensions)
[    4.186994] ACPI: Added _OSI(Processor Aggregator Device)
[    4.190771] ACPI: Executed 1 blocks of module-level executable AML code
[    4.205669] ACPI: Interpreter enabled
[    4.221506] ACPI: (supports S0 S5)
[    4.224021] ACPI: Using IOAPIC for interrupt routing
[    4.229782] PCI: Using host bridge windows from ACPI; if necessary, use "pci=nocrs" and report a bug
[    4.243474] ACPI: PCI Root Bridge [PCI0] (domain 0000 [bus 00-ff])
[    4.257467] acpi PNP0A03:00: _OSC: OS supports [ASPM ClockPM Segments MSI]
[    4.268983] acpi PNP0A03:00: _OSC failed (AE_NOT_FOUND); disabling ASPM
[    4.273770] acpi PNP0A03:00: fail to add MMCONFIG information, can't access extended PCI configuration space under this bridge.
[    4.279175] PCI host bridge to bus 0000:00
[    4.280802] pci_bus 0000:00: root bus resource [io  0x0000-0x0cf7 window]
[    4.288714] pci_bus 0000:00: root bus resource [io  0x0d00-0xffff window]
[    4.383113] pci_bus 0000:00: root bus resource [mem 0x000a0000-0x000bffff window]
[    4.427302] pci_bus 0000:00: root bus resource [mem 0x40000000-0xffdfffff window]
[    4.430070] pci_bus 0000:00: root bus resource [bus 00-ff]
[    4.439467] pci 0000:00:01.1: legacy IDE quirk: reg 0x10: [io  0x01f0-0x01f7]
[    4.442066] pci 0000:00:01.1: legacy IDE quirk: reg 0x14: [io  0x03f6]
[    4.445337] pci 0000:00:01.1: legacy IDE quirk: reg 0x18: [io  0x0170-0x0177]
[    4.454488] pci 0000:00:01.1: legacy IDE quirk: reg 0x1c: [io  0x0376]
[    4.491550] pci 0000:00:07.0: quirk: [io  0x4000-0x403f] claimed by PIIX4 ACPI
[    4.506651] pci 0000:00:07.0: quirk: [io  0x4100-0x410f] claimed by PIIX4 SMB
[    4.554194] ACPI: PCI Interrupt Link [LNKA] (IRQs 5 9 10 *11)
[    4.657757] ACPI: PCI Interrupt Link [LNKB] (IRQs 5 9 10 *11)
[    4.685014] ACPI: PCI Interrupt Link [LNKC] (IRQs 5 9 *10 11)
[    4.694587] ACPI: PCI Interrupt Link [LNKD] (IRQs 5 *9 10 11)
[    4.708408] ACPI: Enabled 2 GPEs in block 00 to 07
[    4.710595] vgaarb: setting as boot device: PCI:0000:00:02.0
[    4.721817] vgaarb: device added: PCI:0000:00:02.0,decodes=io+mem,owns=io+mem,locks=none
[    4.756622] vgaarb: loaded
[    4.766524] vgaarb: bridge control possible 0000:00:02.0
[    4.771634] SCSI subsystem initialized
[    4.775267] ACPI: bus type USB registered
[    4.777591] usbcore: registered new interface driver usbfs
[    4.786030] usbcore: registered new interface driver hub
[    4.788105] usbcore: registered new device driver usb
[    4.792705] PCI: Using ACPI for IRQ routing
[    4.796619] NetLabel: Initializing
[    4.799821] NetLabel:  domain hash size = 128
[    4.808157] NetLabel:  protocols = UNLABELED CIPSOv4
[    4.815724] NetLabel:  unlabeled traffic allowed by default
[    4.829957] amd_nb: Cannot enumerate AMD northbridges
[    4.833905] clocksource: Switched to clocksource kvm-clock
[    4.854052] AppArmor: AppArmor Filesystem Enabled
[    4.859224] pnp: PnP ACPI init
[    4.862938] pnp: PnP ACPI: found 3 devices
[    4.918501] clocksource: acpi_pm: mask: 0xffffff max_cycles: 0xffffff, max_idle_ns: 2085701024 ns
[    4.927273] NET: Registered protocol family 2
[    4.930262] TCP established hash table entries: 8192 (order: 4, 65536 bytes)
[    4.935273] TCP bind hash table entries: 8192 (order: 5, 131072 bytes)
[    4.945259] TCP: Hash tables configured (established 8192 bind 8192)
[    4.948536] UDP hash table entries: 512 (order: 2, 16384 bytes)
[    4.957836] UDP-Lite hash table entries: 512 (order: 2, 16384 bytes)
[    4.972900] NET: Registered protocol family 1
[    4.994129] pci 0000:00:00.0: Limiting direct PCI/PCI transfers
[    5.014156] pci 0000:00:01.0: Activating ISA DMA hang workarounds
[    5.068640] Unpacking initramfs...
[    8.172313] Freeing initrd memory: 10840K (ffff880036ac4000 - ffff88003755a000)
[    8.187409] RAPL PMU detected, API unit is 2^-32 Joules, 4 fixed counters 10737418240 ms ovfl timer
[    8.224157] hw unit of domain pp0-core 2^-0 Joules
[    8.246877] hw unit of domain package 2^-0 Joules
[    8.255459] hw unit of domain dram 2^-0 Joules
[    8.258744] hw unit of domain pp1-gpu 2^-0 Joules
[    8.262659] platform rtc_cmos: registered platform RTC device (no PNP device found)
[    8.301355] Scanning for low memory corruption every 60 seconds
[    8.373078] audit: initializing netlink subsys (disabled)
[    8.411265] audit: type=2000 audit(1506522004.719:1): initialized
[    8.424652] Initialise system trusted keyring
[    8.459106] HugeTLB registered 2 MB page size, pre-allocated 0 pages
[    8.489057] zbud: loaded
[    8.508354] VFS: Disk quotas dquot_6.6.0
[    8.576558] VFS: Dquot-cache hash table entries: 512 (order 0, 4096 bytes)
[    8.632942] squashfs: version 4.0 (2009/01/31) Phillip Lougher
[    8.657067] fuse init (API version 7.23)
[    8.702214] Key type big_key registered
[    8.736233] Allocating IMA MOK and blacklist keyrings.
[    8.763658] Key type asymmetric registered
[    8.783059] Asymmetric key parser 'x509' registered
[    8.799105] Block layer SCSI generic (bsg) driver version 0.4 loaded (major 249)
[    8.873895] io scheduler noop registered
[    8.898410] io scheduler deadline registered (default)
[    8.911464] io scheduler cfq registered
[    8.915555] pci_hotplug: PCI Hot Plug PCI Core version: 0.5
[    8.929523] pciehp: PCI Express Hot Plug Controller Driver version: 0.4
[    8.985521] ACPI: AC Adapter [AC] (off-line)
[    9.003048] input: Power Button as /devices/LNXSYSTM:00/LNXPWRBN:00/input/input0
[    9.017205] ACPI: Power Button [PWRF]
[    9.020965] input: Sleep Button as /devices/LNXSYSTM:00/LNXSLPBN:00/input/input1
[    9.032275] ACPI: Sleep Button [SLPF]
[    9.038875] ACPI: Battery Slot [BAT0] (battery present)
[    9.041895] GHES: HEST is not enabled!
[    9.043748] Serial: 8250/16550 driver, 32 ports, IRQ sharing enabled
[    9.093813] 00:02: ttyS0 at I/O 0x3f8 (irq = 4, base_baud = 115200) is a 16550A
[    9.098464] Linux agpgart interface v0.103
[    9.107947] loop: module loaded
[    9.110000] scsi host0: ata_piix
[    9.146191] scsi host1: ata_piix
[    9.157929] ata1: PATA max UDMA/33 cmd 0x1f0 ctl 0x3f6 bmdma 0xd000 irq 14
[    9.159774] ata2: PATA max UDMA/33 cmd 0x170 ctl 0x376 bmdma 0xd008 irq 15
[    9.163716] libphy: Fixed MDIO Bus: probed
[    9.181157] tun: Universal TUN/TAP device driver, 1.6
[    9.208423] tun: (C) 1999-2004 Max Krasnyansky <maxk@qualcomm.com>
[    9.238286] PPP generic driver version 2.4.2
[    9.243427] ehci_hcd: USB 2.0 'Enhanced' Host Controller (EHCI) Driver
[    9.255896] ehci-pci: EHCI PCI platform driver
[    9.262821] tsc: Refined TSC clocksource calibration: 1600.146 MHz
[    9.262825] clocksource: tsc: mask: 0xffffffffffffffff max_cycles: 0x1710aee6fd1, max_idle_ns: 440795230213 ns
[    9.303067] ehci-platform: EHCI generic platform driver
[    9.319664] ohci_hcd: USB 1.1 'Open' Host Controller (OHCI) Driver
[    9.323728] ohci-pci: OHCI PCI platform driver
[    9.325142] ohci-platform: OHCI generic platform driver
[    9.353937] uhci_hcd: USB Universal Host Controller Interface driver
[    9.394096] i8042: PNP: PS/2 Controller [PNP0303:PS2K,PNP0f03:PS2M] at 0x60,0x64 irq 1,12
[    9.413866] serio: i8042 KBD port at 0x60,0x64 irq 1
[    9.448198] serio: i8042 AUX port at 0x60,0x64 irq 12
[    9.450163] mousedev: PS/2 mouse device common for all mice
[    9.458060] rtc_cmos rtc_cmos: rtc core: registered rtc_cmos as rtc0
[    9.475473] input: AT Translated Set 2 keyboard as /devices/platform/i8042/serio0/input/input2
[    9.503812] rtc_cmos rtc_cmos: alarms up to one day, 114 bytes nvram
[    9.519806] i2c /dev entries driver
[    9.544246] device-mapper: uevent: version 1.0.3
[    9.548548] device-mapper: ioctl: 4.34.0-ioctl (2015-10-28) initialised: dm-devel@redhat.com
[    9.571966] ledtrig-cpu: registered to indicate activity on CPUs
[    9.619713] NET: Registered protocol family 10
[    9.634380] NET: Registered protocol family 17
[    9.667847] Key type dns_resolver registered
[    9.669449] microcode: CPU0 sig=0x306d4, pf=0x40, revision=0x0
[    9.674841] microcode: CPU1 sig=0x306d4, pf=0x40, revision=0x0
[    9.714898] microcode: Microcode Update Driver: v2.01 <tigran@aivazian.fsnet.co.uk>, Peter Oruba
[    9.727260] registered taskstats version 1
[    9.735179] Loading compiled-in X.509 certificates
[    9.747856] Loaded X.509 cert 'Build time autogenerated kernel key: a6f98c496ad22cf23b77f8fe21ff88c41791cbd4'
[    9.755993] zswap: loaded using pool lzo/zbud
[    9.771707] Key type trusted registered
[    9.803528] Key type encrypted registered
[    9.822924] AppArmor: AppArmor sha1 policy hashing enabled
[    9.826961] ima: No TPM chip found, activating TPM-bypass!
[    9.891251] evm: HMAC attrs: 0x1
[    9.912027]   Magic number: 1:803:334
[    9.923222] tty tty55: hash matches
[    9.948627] rtc_cmos rtc_cmos: setting system clock to 2017-09-27 14:20:05 UTC (1506522005)
[   10.017943] BIOS EDD facility v0.16 2004-Jun-25, 0 devices found
[   10.057052] EDD information not available.
[   10.075513] Freeing unused kernel memory: 1492K (ffffffff81f45000 - ffffffff820ba000)
[   10.117682] Write protecting the kernel read-only data: 14336k
[   10.158791] Freeing unused kernel memory: 1748K (ffff88000184b000 - ffff880001a00000)
[   10.198784] Freeing unused kernel memory: 112K (ffff880001de4000 - ffff880001e00000)
Loading, please wait...
starting version[   10.229885] random: systemd-udevd: uninitialized urandom read (16 bytes read, 5 bits of entropy available)
 229
[   10.232414] random: udevadm: uninitialized urandom read (16 bytes read, 5 bits of entropy available)
[   10.232693] random: udevadm: uninitialized urandom read (16 bytes read, 5 bits of entropy available)
[   10.233300] random: udevadm: uninitialized urandom read (16 bytes read, 5 bits of entropy available)
[   10.233617] random: udevadm: uninitialized urandom read (16 bytes read, 5 bits of entropy available)
[   10.233733] random: udevadm: uninitialized urandom read (16 bytes read, 5 bits of entropy available)
[   10.233793] random: udevadm: uninitialized urandom read (16 bytes read, 5 bits of entropy available)
[   10.233836] random: udevadm: uninitialized urandom read (16 bytes read, 5 bits of entropy available)
[   10.233875] random: udevadm: uninitialized urandom read (16 bytes read, 5 bits of entropy available)
[   10.233915] random: udevadm: uninitialized urandom read (16 bytes read, 5 bits of entropy available)
[   10.735885] e1000: Intel(R) PRO/1000 Network Driver - version 7.3.21-k8-NAPI
[   10.738935] e1000: Copyright (c) 1999-2006 Intel Corporation.
[   10.763732] Fusion MPT base driver 3.04.20
[   10.771994] Copyright (c) 1999-2008 LSI Corporation
[   10.797378] AVX version of gcm_enc/dec engaged.
[   10.811058] AES CTR mode by8 optimization enabled
[   10.815406] Fusion MPT SPI Host driver 3.04.20
[   11.013330] input: ImExPS/2 Generic Explorer Mouse as /devices/platform/i8042/serio1/input/input4
[   11.281077] e1000 0000:00:03.0 eth0: (PCI:33MHz:32-bit) 02:04:e4:df:e4:d8
[   11.314057] e1000 0000:00:03.0 eth0: Intel(R) PRO/1000 Network Connection
[   11.320601] mptbase: ioc0: Initiating bringup
[   11.386333] ioc0: LSI53C1030 A0: Capabilities={Initiator}
[   11.581243] scsi host2: ioc0: LSI53C1030 A0, FwRev=00000000h, Ports=1, MaxQ=256, IRQ=20
[   11.714844] scsi 2:0:0:0: Direct-Access     VBOX     HARDDISK         1.0  PQ: 0 ANSI: 5
[   11.741461] scsi target2:0:0: Beginning Domain Validation
[   11.758920] scsi target2:0:0: Domain Validation skipping write tests
[   11.777210] scsi target2:0:0: Ending Domain Validation
[   11.782339] scsi target2:0:0: asynchronous
[   11.798223] scsi 2:0:1:0: Direct-Access     VBOX     HARDDISK         1.0  PQ: 0 ANSI: 5
[   11.831099] scsi target2:0:1: Beginning Domain Validation
[   11.855714] scsi target2:0:1: Domain Validation skipping write tests
[   11.887143] scsi target2:0:1: Ending Domain Validation
[   11.897553] scsi target2:0:1: asynchronous
[   11.918818] sd 2:0:0:0: Attached scsi generic sg0 type 0
[   11.922135] sd 2:0:1:0: Attached scsi generic sg1 type 0
[   11.930943] sd 2:0:0:0: [sda] 20971520 512-byte logical blocks: (10.7 GB/10.0 GiB)
[   11.951052] sd 2:0:1:0: [sdb] 20480 512-byte logical blocks: (10.5 MB/10.0 MiB)
[   11.960288] sd 2:0:1:0: [sdb] Write Protect is off
[   11.968609] sd 2:0:0:0: [sda] Write Protect is off
[   11.971605] sd 2:0:0:0: [sda] Incomplete mode parameter data
[   11.984640] sd 2:0:0:0: [sda] Assuming drive cache: write through
[   11.995507] sd 2:0:1:0: [sdb] Incomplete mode parameter data
[   12.000684] sd 2:0:1:0: [sdb] Assuming drive cache: write through
[   12.016947]  sda: sda1
[   12.019128] sd 2:0:1:0: [sdb] Attached SCSI disk
[   12.032502] sd 2:0:0:0: [sda] Attached SCSI disk
[   12.143605] e1000 0000:00:08.0 eth1: (PCI:33MHz:32-bit) 08:00:27:14:22:ea
[   12.234116] e1000 0000:00:08.0 eth1: Intel(R) PRO/1000 Network Connection
[   12.354096] e1000 0000:00:08.0 enp0s8: renamed from eth1
[   12.430232] e1000 0000:00:03.0 enp0s3: renamed from eth0
[   13.806330] floppy0: no floppy controllers found
Begin: Loading e[   15.262029] md: linear personality registered for level -1
ssential drivers[   15.326342] md: multipath personality registered for level -4
 ... [   15.409197] md: raid0 personality registered for level 0
[   15.464037] md: raid1 personality registered for level 1
[   15.578051] raid6: sse2x1   gen()  7579 MB/s
[   15.690063] raid6: sse2x1   xor()  5234 MB/s
[   15.782060] raid6: sse2x2   gen()  5152 MB/s
[   15.854076] raid6: sse2x2   xor()  4988 MB/s
[   15.962522] raid6: sse2x4   gen() 10713 MB/s
[   16.030144] raid6: sse2x4   xor()  7346 MB/s
[   16.054624] raid6: using algorithm sse2x4 gen() 10713 MB/s
[   16.147390] raid6: .... xor() 7346 MB/s, rmw enabled
[   16.171631] raid6: using ssse3x2 recovery algorithm
[   16.246081] xor: automatically using best checksumming function:
[   16.354452]    avx       : 17246.000 MB/sec
[   16.407840] async_tx: api initialized (async)
[   16.449895] md: raid6 personality registered for level 6
[   16.504504] md: raid5 personality registered for level 5
[   16.537051] md: raid4 personality registered for level 4
[   16.592062] md: raid10 personality registered for level 10
done.
Begin: Running /scripts/init-premount ... done.
Begin: Mounting root file system ... Begin: R[   16.669675] Btrfs loaded
unning /scripts/local-top ... done.
Begin: Running /scripts/local-premount ... Scanning for Btrfs filesystems
done.
Warning: fsck not present, so sk[   16.789226] EXT4-fs (sda1): mounted filesystem with ordered data mode. Opts: (null)
ipping root file system
done.
Begin: Running /scripts/local-bottom ... done.
Begin: Running /scripts/init-bottom ... done.
[   17.129158] systemd[1]: systemd 229 running in system mode. (+PAM +AUDIT +SELINUX +IMA +APPARMOR +SMACK +SYSVINIT +UTMP +LIBCRYPTSETUP +GCRYPT +GNUTLS +ACL +XZ -LZ4 +SECCOMP +BLKID +ELFUTILS +KMOD -IDN)
[   17.239196] systemd[1]: Detected virtualization oracle.
[   17.271552] systemd[1]: Detected architecture x86-64.

Welcome to [1mUbuntu 16.04.3 LTS[0m!

[   17.308920] systemd[1]: Set hostname to <ubuntu>.
[   17.364696] systemd[1]: Initializing machine ID from random generator.
[   17.458027] systemd[1]: Installed transient /etc/machine-id file.
[   18.121377] systemd[1]: Listening on Journal Audit Socket.
[[0;32m  OK  [0m] Listening on Journal Audit Socket.
[   18.230644] systemd[1]: Set up automount Arbitrary Executable File Formats File System Automount Point.
[[0;32m  OK  [0m] Set up automount Arbitrary Executab...ats File System Automount Point.
[   18.244443] systemd[1]: Reached target User and Group Name Lookups.
[[0;32m  OK  [0m] Reached target User and Group Name Lookups.
[   18.264767] systemd[1]: Created slice System Slice.
[[0;32m  OK  [0m] Created slice System Slice.
[   18.291309] systemd[1]: Created slice system-serial\x2dgetty.slice.
[[0;32m  OK  [0m] Created slice system-serial\x2dgetty.slice.
[   18.386631] systemd[1]: Listening on LVM2 poll daemon socket.
[[0;32m  OK  [0m] Listening on LVM2 poll daemon socket.
[   18.494571] systemd[1]: Listening on Device-mapper event daemon FIFOs.
[[0;32m  OK  [0m] Listening on Device-mapper event daemon FIFOs.
[   18.606942] systemd[1]: Listening on udev Kernel Socket.
[[0;32m  OK  [0m] Listening on udev Kernel Socket.
[   18.690778] systemd[1]: Listening on udev Control Socket.
[[0;32m  OK  [0m] Listening on udev Control Socket.
[   18.786948] systemd[1]: Listening on Syslog Socket.
[[0;32m  OK  [0m] Listening on Syslog Socket.
[   18.821294] systemd[1]: Listening on /dev/initctl Compatibility Named Pipe.
[[0;32m  OK  [0m] Listening on /dev/initctl Compatibility Named Pipe.
[   18.858560] systemd[1]: Started Forward Password Requests to Wall Directory Watch.
[[0;32m  OK  [0m] Started Forward Password Requests to Wall Directory Watch.
[   18.886390] systemd[1]: Listening on LVM2 metadata daemon socket.
[[0;32m  OK  [0m] Listening on LVM2 metadata daemon socket.
[   18.898334] systemd[1]: Listening on Journal Socket.
[[0;32m  OK  [0m] Listening on Journal Socket.
[   18.922500] systemd[1]: Mounting Debug File System...
[   18.923100] random: nonblocking pool is initialized
         Mounting Debug File System...
[   18.952252] systemd[1]: Starting Load Kernel Modules...
         Starting Load Kernel Modules...
[   18.960424] systemd[1]: Starting Remount Root and Kernel File Systems...
[   18.968832] EXT4-fs (sda1): re-mounted. Opts: (null)
[   19.040971] Loading iSCSI transport class v2.0-870.
         Starting Remount Root and Kernel File Systems...
[   19.058463] systemd[1]: Mounting Huge Pages File System...
         Mounting Huge Pages File System...
[   19.075623] iscsi: registered transport (tcp)
[   19.081683] systemd[1]: Starting Uncomplicated firewall...
         Starting Uncomplicated [   19.149553] iscsi: registered transport (iser)
firewall...
[   19.234279] systemd[1]: Mounting POSIX Message Queue File System...
         Mounting POSIX Message Queue File System...
[   19.242845] systemd[1]: Starting Set console keymap...
         Starting Set console keymap...
[   19.266330] systemd[1]: Starting Monitoring of LVM2 mirrors, snapshots etc. using dmeventd or progress polling...
         Starting Monitoring of LVM2 mirrors... dmeventd or progress polling...
[   19.284094] systemd[1]: Reached target Encrypted Volumes.
[[0;32m  OK  [0m] Reached target Encrypted Volumes.
[   19.310427] systemd[1]: Reached target Swap.
[[0;32m  OK  [0m] Reached target Swap.
[   19.366678] systemd[1]: Starting Create list of required static device nodes for the current kernel...
         Starting Create list of required st... nodes for the current kernel...
[   19.454819] systemd[1]: Listening on Journal Socket (/dev/log).
[[0;32m  OK  [0m] Listening on Journal Socket (/dev/log).
[   19.546224] systemd[1]: Starting Journal Service...
         Starting Journal Service...
[   19.566774] systemd[1]: Created slice User and Session Slice.
[[0;32m  OK  [0m] Created slice User and Session Slice.
[   19.622539] systemd[1]: Reached target Slices.
[[0;32m  OK  [0m] Reached target Slices.
[   19.686358] systemd[1]: Started Trigger resolvconf update for networkd DNS.
[[0;32m  OK  [0m] Started Trigger resolvconf update for networkd DNS.
[   19.823022] systemd[1]: Starting Nameserver information manager...
         Starting Nameserver information manager...
[   19.875813] systemd[1]: Mounted Huge Pages File System.
[[0;32m  OK  [0m] Mounted Huge Pages File System.
[   20.030781] systemd[1]: Mounted POSIX Message Queue File System.
[[0;32m  OK  [0m] Mounted POSIX Message Queue File System.
[   20.066620] systemd[1]: Mounted Debug File System.
[[0;32m  OK  [0m] Mounted Debug File System.
[   20.130828] systemd[1]: Started Journal Service.
[[0;32m  OK  [0m] Started Journal Service.
[[0;32m  OK  [0m] Started Load Kernel Modules.
[[0;32m  OK  [0m] Started Remount Root and Kernel File Systems.
[[0;32m  OK  [0m] Started Uncomplicated firewall.
[[0;32m  OK  [0m] Started Set console keymap.
[[0;32m  OK  [0m] Started Create list of required sta...ce nodes for the current kernel.
[[0;32m  OK  [0m] Started Nameserver information manager.
[[0;32m  OK  [0m] Started LVM2 metadata daemon.
         Starting Create Static Device Nodes in /dev...
         Starting udev Coldplug all Devices...
         Starting Load/Save Random Seed...
         Starting Initial cloud-init job (pre-networking)...
         Starting Apply Kernel Variables...
         Mounting FUSE Control File System...
         Starting Flush Journal to Persistent Storage...
[[0;32m  OK  [0m] Mounted FUSE Control File System.
[[0;32m  OK  [0m] Started Monitoring of LVM2 mirrors,...ng dmeventd or progress polling.
[[0;32m  OK  [0m] Started Create Static Device Nodes in /dev.
[[0;32m  OK  [0m] Started Load/Save Random Seed.
[[0;32m  OK  [0m] Started Apply Kernel Variables.
[[0;32m  OK  [0m] Started udev Coldplug all Devices.
[[0;32m  OK  [0m] Started Flush Journal to Persistent Storage.
         Starting udev Kernel Device Manager...
[[0;32m  OK  [0m] Started udev Kernel Device Manager.
[[0;32m  OK  [0m] Started Dispatch Password Requests to Console Directory Watch.
[[0;32m  OK  [0m] Reached target Local File Systems (Pre).
[[0;32m  OK  [0m] Reached target Local File Systems.
         Starting Commit a transient machine-id on disk...
         Starting Create Volatile Files and Directories...
         Starting LSB: AppArmor initialization...
         Starting Tell Plymouth To Write Out Runtime Data...
         Starting Set console font and keymap...
[[0;32m  OK  [0m] Started Commit a transient machine-id on disk.
[[0;32m  OK  [0m] Started Create Volatile Files and Directories.
[[0;32m  OK  [0m] Started Tell Plymouth To Write Out Runtime Data.
[[0;32m  OK  [0m] Found device /dev/ttyS0.
         Starting Update UTMP about System Boot/Shutdown...
[[0;32m  OK  [0m] Reached target System Time Synchronized.
[[0;32m  OK  [0m] Started Update UTMP about System Boot/Shutdown.
[[0;32m  OK  [0m] Listening on Load/Save RF Kill Switch Status /dev/rfkill Watch.
[[0;32m  OK  [0m] Started LSB: AppArmor initialization.
[[0;32m  OK  [0m] Started Set console font and keymap.
[[0;32m  OK  [0m] Created slice system-getty.slice.
[   19.090384] cloud-init[447]: Cloud-init v. 0.7.9 running 'init-local' at Wed, 27 Sep 2017 14:20:18 +0000. Up 18.60 seconds.
[[0;32m  OK  [0m] Started Initial cloud-init job (pre-networking).
[[0;32m  OK  [0m] Reached target Network (Pre).
         Starting Raise network interfaces...
[[0;32m  OK  [0m] Started Raise network interfaces.
[[0;32m  OK  [0m] Reached target Network.
         Starting Initial cloud-init job (metadata service crawler)...
[   22.140758] cloud-init[942]: Cloud-init v. 0.7.9 running 'init' at Wed, 27 Sep 2017 14:20:20 +0000. Up 20.70 seconds.
[   22.184486] cloud-init[942]: ci-info: +++++++++++++++++++++++++++++++++++++Net device info++++++++++++++++++++++++++++++++++++++
[   22.284902] cloud-init[942]: ci-info: +--------+-------+---------------------------+---------------+-------+-------------------+
[[0;32m  OK  [0m] Started Initial cloud-init job (metadata service crawler).
[[   22.349002] cloud-init[942]: ci-info: | Device |   Up  |          Address          |      Mask     | Scope |     Hw-Address    |
[   22.398886] cloud-init[942]: ci-info: +--------+-------+---------------------------+---------------+-------+-------------------+
[0;32m  OK  [0m] Reached target Cloud-config availability.
[   22.399161] cloud-init[942]: ci-info: |   lo   |  True |         127.0.0.1         |   255.0.0.0   |   .   |         .         |
[   22.640710] cloud-init[942]: ci-info: |   lo   |  True |          ::1/128          |       .       |  host |         .         |
[   22.641285] cloud-init[942]: ci-info: | enp0s8 | False |             .             |       .       |   .   | 08:00:27:14:22:ea |
[[0;32m  OK  [0m] Reached target System Initialization.
[[   22.641525] [0;32m  OK  [0mcloud-init] [942]: Listening on UUID daemon activation socket.ci-info: | enp0s3 |  True |         10.0.2.15         | 255.255.255.0 |   .   | 02:04:e4:df:e4:d8 |

[   22.868846] cloud-init[942]: ci-info: | enp0s3 |  True | fe80::4:e4ff:fedf:e4d8/64 |       .       |  link | 02:04:e4:df:e4:d8 |
[[0;32m  OK  [0m] Started Timer to automatically refresh installed snaps.[   22.869296] 
cloud-init[942]: ci-info: +--------+-------+---------------------------+---------------+-------+-------------------+
[   23.020507] cloud-init[942]: ci-info: +++++++++++++++++++++++++++Route IPv4 info++++++++++++++++++++++++++++
[   23.021014] cloud-init[942]: ci-info: +-------+-------------+----------+---------------+-----------+-------+
         Starting Socket activation for snappy daemon.
[[   23.021376] cloud-init[942]: ci-info: | Route | Destination | Gateway  |    Genmask    | Interface | Flags |
[   23.153597] cloud-init[942]: ci-info: +-------+-------------+----------+---------------+-----------+-------+
[   23.153932] cloud-init[942]: ci-info: |   0   |   0.0.0.0   | 10.0.2.2 |    0.0.0.0    |   enp0s3  |   UG  |
[0;32m  OK  [0m] Listening on ACPID Listen Socket.
[   23.154610] cloud-init[942]: ci-info: |   1   |   10.0.2.0  | 0.0.0.0  | 255.255.255.0 |   enp0s3  |   U   |
         [   23.416139] Starting LXD - unix socket.cloud-init
[942]: ci-info: +-------+-------------+----------+---------------+-----------+-------+
[   23.504691] cloud-init[942]: Generating public/private rsa key pair.
[   23.505095] cloud-init[942]: Your identification has been saved in /etc/ssh/ssh_host_rsa_key.
[[0;32m  OK  [0m] Started ACPI Events Check.
[[   23.505362] cloud-init[942]: Your public key has been saved in /etc/ssh/ssh_host_rsa_key.pub.
[   23.616276] cloud-init[942]: The key fingerprint is:
[   23.616470] cloud-init[942]: SHA256:w7VaGUqCWAKA3aGfwwXX6jxq3m4p8F8lN/5XEFD1iBg root@ubuntu-xenial
[   23.616716] cloud-init[942]: The key's randomart image is:
[   23.616956] cloud-init[942]: +---[RSA 2048]----+
[   23.617199] cloud-init[942]: |=o..+...  E .o...|
[0;32m  OK  [0m] Reached target Paths.
[   23.617446] cloud-init[942]: |. .=.+  .  o ....|
[   23.727942] cloud-init[942]: |  o . o.. + . ...|
[   23.728112] cloud-init[942]: |   o o.+ o +  .  |
[[0;32m  OK  [0m] Listening on D-Bus System Message Bus Socket.
[   23.728590] cloud-init[942]: |    =o  S B    . |
[   23.749023] cloud-init[942]: |  .  .+  O .    .|
[[0;32m  OK  [0m] Started Daily Cleanup of Temporary Directories.
[   23.749504] cloud-init[942]: |   o . oo .    . |
[   23.761818] cloud-init[942]: |    =.o.   .  .  |
[   23.762539] cloud-init[942]: |   o.=+     ..   |
[   23.762611] cloud-init[942]: +----[SHA256]-----+
[[0;32m  OK  [0m] Reached target Network is Online.
[[   23.762883] cloud-init[942]: Generating public/private dsa key pair.
[   23.846137] cloud-init[942]: Your identification has been saved in /etc/ssh/ssh_host_dsa_key.
[0;32m  OK  [0m] Started Daily apt download activities.
[   23.846219] cloud-init[942]: Your public key has been saved in /etc/ssh/ssh_host_dsa_key.pub.
[   23.905002] cloud-init[942]: The key fingerprint is:
[   23.905512] cloud-init[942]: SHA256:iAMeRcs3yPOtgGEO9LJZfO37Jx/yMuYYiB3VWOOFpyE root@ubuntu-xenial
[[0;32m  OK  [0m] Started Daily apt upgrade and clean activities.
[   23.905992] cloud-init[942]: The key's randomart image is:
[   23.966138] cloud-init[942]: +---[DSA 1024]----+
[[0;32m  OK  [0m] Reached target Timers.
[   23.966651] cloud-init[942]: | . .o    o..     |
[   24.052430] cloud-init[942]: |. o+ o.E=oo.     |
[   24.052994] cloud-init[942]: |..=+*.o+.o+      |
         Starting iSCSI initiator daemon (iscsid)...
[   24.053232] cloud-init[942]: | ===.=o+ .       |
[[   24.168735] cloud-init[942]: | o+ +.o.S        |
[   24.169417] cloud-init[942]: |    ooo..        |
[0;32m  OK  [0m] Listening on Socket activation for snappy daemon.
[   24.169654] cloud-init[942]: |   . o.o . .     |
[   24.265182] cloud-init[942]: |        +=o..    |
[[0;32m  OK  [0m] Listening on LXD - unix socket.
[   24.265416] cloud-init[942]: |       .oo*o     |
[   24.327359] cloud-init[942]: +----[SHA256]-----+
[[0;32m  OK  [0m] Started iSCSI initiator daemon (iscsid).
[   24.367462] cloud-init[942]: Generating public/private ecdsa key pair.
[   24.438059] cloud-init[942]: Your identification has been saved in /etc/ssh/ssh_host_ecdsa_key.
[   24.443939] cloud-init[942]: Your public key has been saved in /etc/ssh/ssh_host_ecdsa_key.pub.
[   24.472327] cloud-init[942]: The key fingerprint is:
[   24.492655] cloud-init[942]: SHA256:Ydmtt40tu76pnU2/P1Su5Rl6OhKyf3N1LWdmUCFrdE4 root@ubuntu-xenial
         Starting Login to default iSCSI targets...
[[0;32m  OK  [0m] Reached target Sockets.
[[0;32m  OK  [0m] Reached target Basic System.
[   24.544596] cloud-init[942]: The key's randomart image is:
         Starting LSB: Record successful boot for GRUB...
[   24.660668] cloud-init[942]: +---[ECDSA 256]---+
[   24.702415] cloud-init[942]: |             o E.|
         Starting System Logging Service...
[   24.715691] cloud-init[942]: |         o .. * .|
[   24.768360] cloud-init[942]: |        + . .o o |
[   24.769038] cloud-init[942]: |       . . .. . .|
         Starting Pollinate to seed the pseudo random number generator...
[   24.769300] cloud-init[942]: |        S . .  oo|
[   24.888897] cloud-init[942]: |         . o =.o@|
[   24.889684] cloud-init[942]: |          o = *X=|
         Starting Accounts Service...
[   24.889893] cloud-init[942]: |         . o %.*.|
[   24.988502] cloud-init[942]: |          o+@+B.*|
[   24.989032] cloud-init[942]: +----[SHA256]-----+
[[0;32m  OK  [0m] Started ACPI event daemon.
[[   24.989286] cloud-init[942]: Generating public/private ed25519 key pair.
[   25.065353] cloud-init[942]: Your identification has been saved in /etc/ssh/ssh_host_ed25519_key.
[0;32m  OK  [0m] Started Unattended Upgrades Shutdown.
[   25.065524] cloud-init[942]: Your public key has been saved in /etc/ssh/ssh_host_ed25519_key.pub.
[   25.212516] cloud-init[942]: The key fingerprint is:
[   25.213077] cloud-init[942]: SHA256:NDppK4VrOtKMHj6InMHvFej1HusjcyPi9tDiEDpKQTg root@ubuntu-xenial
         Starting Apply the settings specified in cloud-config...
[   25.213264] cloud-init[942]: The key's randomart image is:
         Starting LSB: MD monitoring daemon...
[   25.426361] cloud-init[942]: +--[ED25519 256]--+
[[0;32m  OK  [0m[   25.459712] ] cloud-initStarted D-Bus System Message Bus.[942]: 
|                 |
[   25.461369] cloud-init[942]: |.                |
[   25.497530] cloud-init[942]: |E.      o        |
[   25.505844] cloud-init[942]: |..  .. + .       |
[   25.520901] cloud-init[942]: |.o ..o* S        |
[   25.536837] cloud-init[942]: |.o+ o+oo         |
[   25.543904] cloud-init[942]: |*B+++o.o         |
[   25.553542] cloud-init[942]: |O=B*+=.+o        |
         Starting LXD - container startup/shutdown...
[   25.586806] cloud-init[942]: |o+*=o.*+o        |
[[0;32m  OK  [0m] Started Regular background program processing daemon.
[   25.607486] cloud-init[942]: +----[SHA256]-----+
[[0;32m  OK  [0m] Started Deferred execution scheduler.
         Starting Login Service...
         Starting /etc/rc.local Compatibility...
[[0;32m  OK  [0m] Started FUSE filesystem for LXC.
[[0;32m  OK  [0m] Started Snappy daemon.
         Starting Auto import assertions from block devices...
[[0;32m  OK  [0m] Started System Logging Service.
[[0;32m  OK  [0m] Started Pollinate to seed the pseudo random number generator.
[[0;32m  OK  [0m] Started /etc/rc.local Compatibility.
[[0;32m  OK  [0m] Started Auto import assertions from block devices.
[[0;32m  OK  [0m] Started LXD - container startup/shutdown.
[[0;32m  OK  [0m] Started Login to default iSCSI targets.
[[0;32m  OK  [0m] Started LSB: Record successful boot for GRUB.
[[0;32m  OK  [0m] Started LSB: MD monitoring daemon.
         Starting Authenticate and Authorize Users to Run Privileged Tasks...
[[0;32m  OK  [0m] Reached target Remote File Systems (Pre).
[[0;32m  OK  [0m] Reached target Remote File Systems.
         Starting LSB: VirtualBox Linux Additions...
         Starting LSB: Set the CPU Frequency Scaling governor to "ondemand"...
         Starting Permit User Sessions...
         Starting LSB: automatic crash report generation...
         Starting LSB: daemon to balance interrupts for SMP systems...
         Starting OpenBSD Secure Shell server...
[[0;32m  OK  [0m] Started Permit User Sessions.
[[0;32m  OK  [0m] Started Login Service.
[[0;32m  OK  [0m] Started OpenBSD Secure Shell server.
[[0;32m  OK  [0m] Started Authenticate and Authorize Users to Run Privileged Tasks.
[[0;32m  OK  [0m] Started Accounts Service.
[   26.495990] cloud-init[1098]: Generating locales (this might take a while)...
         Starting Hold until boot process finishes up...
         Starting Terminate Plymouth Boot Screen...
[[0;32m  OK  [0m] Started LSB: Set the CPU Frequency Scaling governor to "ondemand".
[[0;32m  OK  [0m] Started LSB: automatic crash report generation.
[[0;32m  OK  [0m] Started LSB: daemon to balance interrupts for SMP systems.
[[0;32m  OK  [0m] Started LSB: VirtualBox Linux Additions.
[[0;32m  OK  [0m] Started Hold until boot process finishes up.
[[0;32m  OK  [0m] Started Terminate Plymouth Boot Screen.
[[0;32m  OK  [0m] Started Serial Getty on ttyS0.
[[0;32m  OK  [0m] Started Getty on tty1.
[[0;32m  OK  [0m] Reached target Login Prompts.
         Starting Set console scheme...
[[0;32m  OK  [0m] Reached target Multi-User System.
[[0;32m  OK  [0m] Reached target Graphical Interface.
         Starting Update UTMP about System Runlevel Changes...
[[0;32m  OK  [0m] Started Set console scheme.
[[0;32m  OK  [0m] Started Update UTMP about System Runlevel Changes.
[   28.214711] cloud-init[1098]:   en_US.UTF-8... done
[   28.220077] cloud-init[1098]: Generation complete.
         Stopping OpenBSD Secure Shell server...
[[0;32m  OK  [0m] Stopped OpenBSD Secure Shell server.
         Starting OpenBSD Secure Shell server...
[[0;32m  OK  [0m] Started OpenBSD Secure Shell server.
[[0;32m  OK  [0m] Created slice User Slice of ubuntu.
         Starting User Manager for UID 1000...
[[0;32m  OK  [0m] Started Session 1 of user ubuntu.
[[0;32m  OK  [0m] Started User Manager for UID 1000.
[   29.213186] cloud-init[1098]: Cloud-init v. 0.7.9 running 'modules:config' at Wed, 27 Sep 2017 14:20:25 +0000. Up 26.11 seconds.
[[0;32m  OK  [0m] Started Apply the settings specified in cloud-config.
         Starting Execute cloud user/final scripts...
ci-info: no authorized ssh keys fingerprints found for user ubuntu.
<14>Sep 27 14:20:29 ec2: 
<14>Sep 27 14:20:29 ec2: #############################################################
<14>Sep 27 14:20:29 ec2: -----BEGIN SSH HOST KEY FINGERPRINTS-----
<14>Sep 27 14:20:29 ec2: 1024 SHA256:iAMeRcs3yPOtgGEO9LJZfO37Jx/yMuYYiB3VWOOFpyE root@ubuntu-xenial (DSA)
<14>Sep 27 14:20:29 ec2: 256 SHA256:Ydmtt40tu76pnU2/P1Su5Rl6OhKyf3N1LWdmUCFrdE4 root@ubuntu-xenial (ECDSA)
<14>Sep 27 14:20:29 ec2: 256 SHA256:NDppK4VrOtKMHj6InMHvFej1HusjcyPi9tDiEDpKQTg root@ubuntu-xenial (ED25519)
<14>Sep 27 14:20:29 ec2: 2048 SHA256:w7VaGUqCWAKA3aGfwwXX6jxq3m4p8F8lN/5XEFD1iBg root@ubuntu-xenial (RSA)
<14>Sep 27 14:20:29 ec2: -----END SSH HOST KEY FINGERPRINTS-----
<14>Sep 27 14:20:29 ec2: #############################################################
-----BEGIN SSH HOST KEY KEYS-----
ecdsa-sha2-nistp256 AAAAE2VjZHNhLXNoYTItbmlzdHAyNTYAAAAIbmlzdHAyNTYAAABBBJdsijcAdj/Q4XkP2xY3V2KyqRPyG7G57n6sSa9D1/guE7O7OqUpFDeUx8++tyXpqs+mpBNNa+W7HIYQNPvp8sw= root@ubuntu-xenial
ssh-ed25519 AAAAC3NzaC1lZDI1NTE5AAAAIJ87zHlvk4XNLZ+veBrua1AFZKg7QAiRm/xb0IZSW71Z root@ubuntu-xenial
ssh-rsa AAAAB3NzaC1yc2EAAAADAQABAAABAQC5Cb9t0PYU9Qy7c3B46eWztRdlkq3VdxUVmXL+0HyBkSJ8JNUQxMQrGdkTMTqPh9TezFSThDqrWBbWpRww6Sjm+ad+T5ix959lE6H2rdeJ0zfZ36H34qXOLbxx8V2RRLlR+ZYnn3DNdKA1YQcxT4+XbCxVnnAK4vE7DrYInpwm81BAFOTjCTZHSznIHv7yik4Dz6aTWoSY3znISgWKPess2OrnCW7p1M8RtK/k3maTD4Gbl/lSYQxdJvJB1S1sGdqf1Scdw89Zlwdiw6xryTsgHwvvIemHrm5nfM6V2/mmKKAxKpThxxlW2f1gt5VTXJkEgCz9oY1+rWMtuQzplB9b root@ubuntu-xenial
-----END SSH HOST KEY KEYS-----
[   30.632972] cloud-init[1390]: Cloud-init v. 0.7.9 running 'modules:final' at Wed, 27 Sep 2017 14:20:29 +0000. Up 29.86 seconds.
[   30.638019] cloud-init[1390]: ci-info: no authorized ssh keys fingerprints found for user ubuntu.
[   30.642226] cloud-init[1390]: Cloud-init v. 0.7.9 finished at Wed, 27 Sep 2017 14:20:30 +0000. Datasource DataSourceNoCloud [seed=/dev/sdb][dsmode=net].  Up 30.62 seconds
[[0;32m  OK  [0m] Started Execute cloud user/final scripts.
[[0;32m  OK  [0m] Reached target Cloud-init target.

Ubuntu 16.04.3 LTS ubuntu-xenial ttyS0

ubuntu-xenial login: 